<?xml version="1.0" encoding="UTF-8"?>
<!-- Generated by org.testng.reporters.JUnitReportReporter -->
<testsuite hostname="DESKTOP-6RNNSA7" failures="0" tests="1" name="S_006_TestNG2.T004_TestNG_Annotations_TC2" time="0.002" errors="0" timestamp="2024-10-05T15:34:11 IST" skipped="0">
  <testcase classname="S_006_TestNG2.T004_TestNG_Annotations_TC2" name="xyz" time="0.002"/>
</testsuite> <!-- S_006_TestNG2.T004_TestNG_Annotations_TC2 -->
