<?xml version="1.0" encoding="UTF-8"?>
<!-- Generated by org.testng.reporters.JUnitReportReporter -->
<testsuite hostname="DESKTOP-6RNNSA7" failures="0" tests="2" name="S_009_TestNG_grouping.G003_payment" time="0.004" errors="0" timestamp="2024-10-09T13:55:23 IST" skipped="0">
  <testcase classname="S_009_TestNG_grouping.G003_payment" name="PaymentinITR" time="0.003"/>
  <testcase classname="S_009_TestNG_grouping.G003_payment" name="PaymentinDollar" time="0.001"/>
</testsuite> <!-- S_009_TestNG_grouping.G003_payment -->
