<?xml version="1.0" encoding="UTF-8"?>
<!-- Generated by org.testng.reporters.JUnitReportReporter -->
<testsuite hostname="DESKTOP-6RNNSA7" failures="0" tests="7" name="S_006_TestNG2.T005_TestNG_Annotations_TC5$Before_Group" time="0.027" errors="0" timestamp="2024-10-06T15:57:34 IST" skipped="0">
  <testcase classname="S_006_TestNG2.T005_TestNG_Annotations_TC5$Before_Group" name="fun3" time="0.003"/>
  <testcase classname="S_006_TestNG2.T005_TestNG_Annotations_TC5$Before_Group" name="testSignup" time="0.003"/>
  <testcase classname="S_006_TestNG2.T005_TestNG_Annotations_TC5$Before_Group" name="fun2" time="0.002"/>
  <testcase classname="S_006_TestNG2.T005_TestNG_Annotations_TC5$Before_Group" name="fun4" time="0.002"/>
  <testcase classname="S_006_TestNG2.T005_TestNG_Annotations_TC5$Before_Group" name="fun1" time="0.011"/>
  <testcase classname="S_006_TestNG2.T005_TestNG_Annotations_TC5$Before_Group" name="testLogin" time="0.005"/>
  <testcase classname="S_006_TestNG2.T005_TestNG_Annotations_TC5$Before_Group" name="testSignout" time="0.001"/>
</testsuite> <!-- S_006_TestNG2.T005_TestNG_Annotations_TC5$Before_Group -->
