<?xml version="1.0" encoding="UTF-8"?>
<!-- Generated by org.testng.reporters.JUnitReportReporter -->
<testsuite hostname="DESKTOP-6RNNSA7" failures="0" tests="4" name="S_005_TestNG.T002_TestNG_Demo_blaze" time="5.852" errors="0" timestamp="2024-10-04T22:51:33 IST" skipped="0">
  <testcase classname="S_005_TestNG.T002_TestNG_Demo_blaze" name="openapp" time="5.708"/>
  <testcase classname="S_005_TestNG.T002_TestNG_Demo_blaze" name="logo" time="0.139"/>
  <testcase classname="S_005_TestNG.T002_TestNG_Demo_blaze" name="login" time="0.003"/>
  <testcase classname="S_005_TestNG.T002_TestNG_Demo_blaze" name="close" time="0.002"/>
</testsuite> <!-- S_005_TestNG.T002_TestNG_Demo_blaze -->
