<?xml version="1.0" encoding="UTF-8"?>
<!-- Generated by org.testng.reporters.JUnitReportReporter -->
<testsuite hostname="DESKTOP-6RNNSA7" failures="0" tests="2" name="S_006_TestNG2.T005_TestNG_Annotations_TC3" time="0.013" errors="0" timestamp="2024-10-06T15:56:31 IST" skipped="0">
  <testcase classname="S_006_TestNG2.T005_TestNG_Annotations_TC3" name="f" time="0.010"/>
  <testcase classname="S_006_TestNG2.T005_TestNG_Annotations_TC3" name="f2" time="0.003"/>
</testsuite> <!-- S_006_TestNG2.T005_TestNG_Annotations_TC3 -->
