<?xml version="1.0" encoding="UTF-8"?>
<!-- Generated by org.testng.reporters.JUnitReportReporter -->
<testsuite hostname="DESKTOP-6RNNSA7" failures="0" tests="3" name="P003_TestNG.PT007_TestNG_parallel_ececution" time="6.573" errors="0" timestamp="2024-10-15T00:01:01 IST" skipped="0">
  <testcase classname="P003_TestNG.PT007_TestNG_parallel_ececution" name="login" time="2.514"/>
  <testcase classname="P003_TestNG.PT007_TestNG_parallel_ececution" name="login" time="2.099"/>
  <testcase classname="P003_TestNG.PT007_TestNG_parallel_ececution" name="login" time="1.960"/>
</testsuite> <!-- P003_TestNG.PT007_TestNG_parallel_ececution -->
