<?xml version="1.0" encoding="UTF-8"?>
<!-- Generated by org.testng.reporters.JUnitReportReporter -->
<testsuite hostname="DESKTOP-6RNNSA7" failures="0" tests="7" name="T005_TestNG_Annotations_TC5$Before_Group" time="0.029" errors="0" timestamp="2024-10-06T15:49:51 IST" skipped="0">
  <testcase classname="T005_TestNG_Annotations_TC5$Before_Group" name="fun2" time="0.003"/>
  <testcase classname="T005_TestNG_Annotations_TC5$Before_Group" name="fun3" time="0.002"/>
  <testcase classname="T005_TestNG_Annotations_TC5$Before_Group" name="testSignup" time="0.004"/>
  <testcase classname="T005_TestNG_Annotations_TC5$Before_Group" name="fun1" time="0.012"/>
  <testcase classname="T005_TestNG_Annotations_TC5$Before_Group" name="fun4" time="0.002"/>
  <testcase classname="T005_TestNG_Annotations_TC5$Before_Group" name="testSignout" time="0.003"/>
  <testcase classname="T005_TestNG_Annotations_TC5$Before_Group" name="testLogin" time="0.003"/>
</testsuite> <!-- T005_TestNG_Annotations_TC5$Before_Group -->
