<?xml version="1.0" encoding="UTF-8"?>
<!-- Generated by org.testng.reporters.JUnitReportReporter -->
<testsuite hostname="DESKTOP-6RNNSA7" failures="0" tests="1" name="S_012_TestNG_POM.P002_Orange_HRM_Test" time="3.864" errors="0" timestamp="2024-10-15T01:03:31 IST" skipped="0">
  <testcase classname="S_012_TestNG_POM.P002_Orange_HRM_Test" name="test" time="3.864"/>
</testsuite> <!-- S_012_TestNG_POM.P002_Orange_HRM_Test -->
