<?xml version="1.0" encoding="UTF-8"?>
<!-- Generated by org.testng.reporters.JUnitReportReporter -->
<testsuite hostname="DESKTOP-6RNNSA7" failures="0" tests="4" name="P003_TestNG.PT002_TestNG_Annotations" time="3.515" errors="0" timestamp="2024-10-14T16:17:12 IST" skipped="0">
  <testcase classname="P003_TestNG.PT002_TestNG_Annotations" name="launch" time="3.451"/>
  <testcase classname="P003_TestNG.PT002_TestNG_Annotations" name="validate" time="0.046"/>
  <testcase classname="P003_TestNG.PT002_TestNG_Annotations" name="test4" time="0.011"/>
  <testcase classname="P003_TestNG.PT002_TestNG_Annotations" name="test3" time="0.007"/>
</testsuite> <!-- P003_TestNG.PT002_TestNG_Annotations -->
