<?xml version="1.0" encoding="UTF-8"?>
<!-- Generated by org.testng.reporters.JUnitReportReporter -->
<testsuite hostname="DESKTOP-6RNNSA7" failures="0" tests="4" name="P003_TestNG.PT006_TestNG_grouping" time="0.022" errors="0" timestamp="2024-10-14T23:07:51 IST" skipped="0">
  <testcase classname="P003_TestNG.PT006_TestNG_grouping" name="login" time="0.002"/>
  <testcase classname="P003_TestNG.PT006_TestNG_grouping" name="validate" time="0.002"/>
  <testcase classname="P003_TestNG.PT006_TestNG_grouping" name="launch" time="0.016"/>
  <testcase classname="P003_TestNG.PT006_TestNG_grouping" name="close" time="0.002"/>
</testsuite> <!-- P003_TestNG.PT006_TestNG_grouping -->
