<?xml version="1.0" encoding="UTF-8"?>
<!-- Generated by org.testng.reporters.JUnitReportReporter -->
<testsuite hostname="DESKTOP-6RNNSA7" failures="0" tests="2" name="S_005_TestNG.T004_TestNG_Annotations_TC2" time="0.024" errors="0" timestamp="2024-10-05T14:10:08 IST" skipped="0">
  <testcase classname="S_005_TestNG.T004_TestNG_Annotations_TC2" name="search" time="0.011"/>
  <testcase classname="S_005_TestNG.T004_TestNG_Annotations_TC2" name="adv_search" time="0.013"/>
</testsuite> <!-- S_005_TestNG.T004_TestNG_Annotations_TC2 -->
