<?xml version="1.0" encoding="UTF-8"?>
<!-- Generated by org.testng.reporters.JUnitReportReporter -->
<testsuite hostname="DESKTOP-6RNNSA7" failures="0" tests="4" name="T005_TestNG_Annotations_TC5" time="0.017" errors="0" timestamp="2024-10-06T15:43:43 IST" skipped="0">
  <testcase classname="T005_TestNG_Annotations_TC5" name="fun3" time="0.002"/>
  <testcase classname="T005_TestNG_Annotations_TC5" name="fun1" time="0.011"/>
  <testcase classname="T005_TestNG_Annotations_TC5" name="fun4" time="0.002"/>
  <testcase classname="T005_TestNG_Annotations_TC5" name="fun2" time="0.002"/>
</testsuite> <!-- T005_TestNG_Annotations_TC5 -->
