<?xml version="1.0" encoding="UTF-8"?>
<!-- Generated by org.testng.reporters.JUnitReportReporter -->
<testsuite hostname="DESKTOP-6RNNSA7" failures="0" tests="2" name="S_005_TestNG.T003_TestNG_Annotations" time="0.028" errors="0" timestamp="2024-10-05T13:30:01 IST" skipped="0">
  <testcase classname="S_005_TestNG.T003_TestNG_Annotations" name="search" time="0.010"/>
  <testcase classname="S_005_TestNG.T003_TestNG_Annotations" name="adv_search" time="0.018"/>
</testsuite> <!-- S_005_TestNG.T003_TestNG_Annotations -->
