<?xml version="1.0" encoding="UTF-8"?>
<!-- Generated by org.testng.reporters.JUnitReportReporter -->
<testsuite hostname="DESKTOP-6RNNSA7" failures="0" tests="1" name="S_006_TestNG2.T003_TestNG_Annotations_TC1" time="0.008" errors="0" timestamp="2024-10-05T15:34:11 IST" skipped="0">
  <testcase classname="S_006_TestNG2.T003_TestNG_Annotations_TC1" name="abc" time="0.008"/>
</testsuite> <!-- S_006_TestNG2.T003_TestNG_Annotations_TC1 -->
