<?xml version="1.0" encoding="UTF-8"?>
<!-- Generated by org.testng.reporters.JUnitReportReporter -->
<testsuite hostname="DESKTOP-6RNNSA7" failures="0" tests="1" name="S_012_TestNG_POM.P002_Orange_HRM_Test" time="3.965" errors="0" timestamp="2024-10-11T13:55:06 IST" skipped="0">
  <testcase classname="S_012_TestNG_POM.P002_Orange_HRM_Test" name="test" time="3.965"/>
</testsuite> <!-- S_012_TestNG_POM.P002_Orange_HRM_Test -->
