<?xml version="1.0" encoding="UTF-8"?>
<!-- Generated by org.testng.reporters.JUnitReportReporter -->
<testsuite hostname="DESKTOP-6RNNSA7" failures="0" tests="3" name="S_009_TestNG_grouping.G002_signup" time="0.024" errors="0" timestamp="2024-10-09T13:50:22 IST" skipped="0">
  <testcase classname="S_009_TestNG_grouping.G002_signup" name="Facebooks" time="0.015"/>
  <testcase classname="S_009_TestNG_grouping.G002_signup" name="twitters" time="0.004"/>
  <testcase classname="S_009_TestNG_grouping.G002_signup" name="gmails" time="0.005"/>
</testsuite> <!-- S_009_TestNG_grouping.G002_signup -->
