<?xml version="1.0" encoding="UTF-8"?>
<!-- Generated by org.testng.reporters.JUnitReportReporter -->
<testsuite hostname="DESKTOP-6RNNSA7" failures="0" tests="1" name="P003_TestNG.PT014_TestNG_POM_test" time="2.690" errors="0" timestamp="2024-10-15T01:04:32 IST" skipped="0">
  <testcase classname="P003_TestNG.PT014_TestNG_POM_test" name="test" time="2.690"/>
</testsuite> <!-- P003_TestNG.PT014_TestNG_POM_test -->
