<?xml version="1.0" encoding="UTF-8"?>
<!-- Generated by org.testng.reporters.JUnitReportReporter -->
<testsuite hostname="DESKTOP-6RNNSA7" failures="0" tests="2" name="T004_TestNG_Annotations_TC4" time="0.016" errors="0" timestamp="2024-10-06T15:13:36 IST" skipped="0">
  <testcase classname="T004_TestNG_Annotations_TC4" name="f" time="0.011"/>
  <testcase classname="T004_TestNG_Annotations_TC4" name="f2" time="0.005"/>
</testsuite> <!-- T004_TestNG_Annotations_TC4 -->
