<?xml version="1.0" encoding="UTF-8"?>
<!-- Generated by org.testng.reporters.JUnitReportReporter -->
<testsuite hostname="DESKTOP-6RNNSA7" failures="0" tests="14" name="P003_TestNG.PT001_TestNG" time="7.065" errors="0" timestamp="2024-10-14T16:09:20 IST" skipped="0">
  <testcase classname="P003_TestNG.PT001_TestNG" name="launch" time="2.225"/>
  <testcase classname="P003_TestNG.PT001_TestNG" name="launch" time="4.374"/>
  <testcase classname="P003_TestNG.PT001_TestNG" name="validate" time="0.038"/>
  <testcase classname="P003_TestNG.PT001_TestNG" name="validate" time="0.041"/>
  <testcase classname="P003_TestNG.PT001_TestNG" name="close" time="0.142"/>
  <testcase classname="P003_TestNG.PT001_TestNG" name="close" time="0.222"/>
  <testcase classname="P003_TestNG.PT001_TestNG" name="test2" time="0.001"/>
  <testcase classname="P003_TestNG.PT001_TestNG" name="test2" time="0.004"/>
  <testcase classname="P003_TestNG.PT001_TestNG" name="test1" time="0.003"/>
  <testcase classname="P003_TestNG.PT001_TestNG" name="test1" time="0.003"/>
  <testcase classname="P003_TestNG.PT001_TestNG" name="test4" time="0.001"/>
  <testcase classname="P003_TestNG.PT001_TestNG" name="test4" time="0.005"/>
  <testcase classname="P003_TestNG.PT001_TestNG" name="test3" time="0.002"/>
  <testcase classname="P003_TestNG.PT001_TestNG" name="test3" time="0.004"/>
</testsuite> <!-- P003_TestNG.PT001_TestNG -->
