<?xml version="1.0" encoding="UTF-8"?>
<!-- Generated by org.testng.reporters.JUnitReportReporter -->
<testsuite hostname="DESKTOP-6RNNSA7" failures="0" tests="3" name="S_009_TestNG_grouping.G001_login" time="0.024" errors="0" timestamp="2024-10-09T13:59:03 IST" skipped="0">
  <testcase classname="S_009_TestNG_grouping.G001_login" name="Facebook" time="0.012"/>
  <testcase classname="S_009_TestNG_grouping.G001_login" name="twitter" time="0.005"/>
  <testcase classname="S_009_TestNG_grouping.G001_login" name="gmail" time="0.007"/>
</testsuite> <!-- S_009_TestNG_grouping.G001_login -->
