<?xml version="1.0" encoding="UTF-8"?>
<!-- Generated by org.testng.reporters.JUnitReportReporter -->
<testsuite hostname="DESKTOP-6RNNSA7" failures="0" tests="3" name="S_005_TestNG.T001_TestNG_first_test" time="0.015" errors="0" timestamp="2024-10-04T22:51:33 IST" skipped="0">
  <testcase classname="S_005_TestNG.T001_TestNG_first_test" name="login1" time="0.004"/>
  <testcase classname="S_005_TestNG.T001_TestNG_first_test" name="open_url1" time="0.005"/>
  <testcase classname="S_005_TestNG.T001_TestNG_first_test" name="logout1" time="0.006"/>
</testsuite> <!-- S_005_TestNG.T001_TestNG_first_test -->
